<?xml version="1.0" encoding="UTF-8"?>
<testsuite name="AvionComercialTest" tests="2" skipped="0" failures="0" errors="0" timestamp="2023-08-29T20:16:59" hostname="NOTE_SANTIAGO" time="0.084">
  <properties/>
  <testcase name="testVolar()" classname="AvionComercialTest" time="0.077"/>
  <testcase name="testGetConsumoCombustible()" classname="AvionComercialTest" time="0.003"/>
  <system-out><![CDATA[]]></system-out>
  <system-err><![CDATA[]]></system-err>
</testsuite>
