<?xml version="1.0" encoding="UTF-8"?>
<testsuite name="CalculadorCombustibleTest" tests="1" skipped="0" failures="0" errors="0" timestamp="2023-08-29T20:17:00" hostname="NOTE_SANTIAGO" time="0.013">
  <properties/>
  <testcase name="testCalcularCombustible()" classname="CalculadorCombustibleTest" time="0.013"/>
  <system-out><![CDATA[]]></system-out>
  <system-err><![CDATA[]]></system-err>
</testsuite>
